<?xml version="1.0" encoding="UTF-8"?>
<!-- Generated by org.testng.reporters.JUnitReportReporter -->
<testsuite hostname="DESKTOP-3ATCNGS" failures="0" tests="3" name="testPackage.IndianPostalStamps" time="86.084" errors="0" timestamp="2024-12-16T22:43:26 IST" skipped="0">
  <testcase classname="testPackage.IndianPostalStamps" name="getStampsByYear" time="25.801"/>
  <system-out/>
  <testcase classname="testPackage.IndianPostalStamps" name="getStampsByYear" time="28.153"/>
  <system-out/>
  <testcase classname="testPackage.IndianPostalStamps" name="getStampsByYear" time="32.130"/>
  <system-out/>
</testsuite> <!-- testPackage.IndianPostalStamps -->
