<?xml version="1.0" encoding="UTF-8"?>
<!-- Generated by org.testng.reporters.JUnitReportReporter -->
<testsuite hostname="DESKTOP-3ATCNGS" failures="0" tests="3" name="testPackage.searchByPincode" time="25.007" errors="0" timestamp="2024-12-16T22:43:26 IST" skipped="0">
  <testcase classname="testPackage.searchByPincode" name="searchByPicode" time="9.591"/>
  <system-out/>
  <testcase classname="testPackage.searchByPincode" name="searchByPicode" time="8.312"/>
  <system-out/>
  <testcase classname="testPackage.searchByPincode" name="searchByPicode" time="7.104"/>
  <system-out/>
</testsuite> <!-- testPackage.searchByPincode -->
