<?xml version="1.0" encoding="UTF-8"?>
<!-- Generated by org.testng.reporters.JUnitReportReporter -->
<testsuite hostname="DESKTOP-3ATCNGS" failures="0" tests="2" name="testPackage.NewTest" time="6.302" errors="0" timestamp="2024-11-24T06:30:35 IST" skipped="0">
  <testcase classname="testPackage.NewTest" name="f" time="2.779"/>
  <system-out/>
  <testcase classname="testPackage.NewTest" name="f" time="3.523"/>
  <system-out/>
</testsuite> <!-- testPackage.NewTest -->
