<?xml version="1.0" encoding="UTF-8"?>
<!-- Generated by org.testng.reporters.JUnitReportReporter -->
<testsuite hostname="DESKTOP-3ATCNGS" failures="0" tests="3" name="testPackage.searchByPOstOffice" time="21.071" errors="0" timestamp="2024-12-16T22:43:26 IST" skipped="0">
  <testcase classname="testPackage.searchByPOstOffice" name="searchByPostOffc" time="7.611"/>
  <system-out/>
  <testcase classname="testPackage.searchByPOstOffice" name="searchByPostOffc" time="6.077"/>
  <system-out/>
  <testcase classname="testPackage.searchByPOstOffice" name="searchByPostOffc" time="7.383"/>
  <system-out/>
</testsuite> <!-- testPackage.searchByPOstOffice -->
