<?xml version="1.0" encoding="UTF-8"?>
<!-- Generated by org.testng.reporters.JUnitReportReporter -->
<testsuite hostname="DESKTOP-3ATCNGS" failures="0" tests="3" name="testPackage.searchBylocation" time="59.212" errors="0" timestamp="2024-12-16T22:43:26 IST" skipped="0">
  <testcase classname="testPackage.searchBylocation" name="run" time="20.156"/>
  <system-out/>
  <testcase classname="testPackage.searchBylocation" name="run" time="21.993"/>
  <system-out/>
  <testcase classname="testPackage.searchBylocation" name="run" time="17.063"/>
  <system-out/>
</testsuite> <!-- testPackage.searchBylocation -->
