<?xml version="1.0" encoding="UTF-8"?>
<!-- Generated by org.testng.reporters.JUnitReportReporter -->
<testsuite hostname="DESKTOP-3ATCNGS" failures="0" tests="3" name="testPackage.info" time="10.401" errors="0" timestamp="2024-12-16T22:43:26 IST" skipped="0">
  <testcase classname="testPackage.info" name="info" time="3.902"/>
  <system-out/>
  <testcase classname="testPackage.info" name="info" time="3.644"/>
  <system-out/>
  <testcase classname="testPackage.info" name="info" time="2.855"/>
  <system-out/>
</testsuite> <!-- testPackage.info -->
